<?xml version="1.0" encoding="UTF-8"?>
<testng-results ignored="0" total="1" passed="1" failed="0" skipped="0">
  <reporter-output>
  </reporter-output>
  <suite started-at="2021-12-05T12:40:55 IRST" name="Suite" finished-at="2021-12-05T12:42:20 IRST" duration-ms="84932">
    <groups>
    </groups>
    <test started-at="2021-12-05T12:40:55 IRST" name="Test" finished-at="2021-12-05T12:42:20 IRST" duration-ms="84932">
      <class name="StepDefinitions.FunctionalTest">
        <test-method is-config="true" signature="browserSetup()[pri:0, instance:StepDefinitions.FunctionalTest@1972e513]" started-at="2021-12-05T12:40:55 IRST" name="browserSetup" finished-at="2021-12-05T12:41:01 IRST" duration-ms="6028" status="PASS">
          <reporter-output>
          </reporter-output>
        </test-method> <!-- browserSetup -->
        <test-method signature="go_to_the_site()[pri:0, instance:StepDefinitions.FunctionalTest@1972e513]" started-at="2021-12-05T12:41:01 IRST" name="go_to_the_site" finished-at="2021-12-05T12:42:15 IRST" duration-ms="74135" status="PASS">
          <reporter-output>
          </reporter-output>
        </test-method> <!-- go_to_the_site -->
        <test-method is-config="true" signature="teardown()[pri:0, instance:StepDefinitions.FunctionalTest@1972e513]" started-at="2021-12-05T12:42:15 IRST" name="teardown" finished-at="2021-12-05T12:42:20 IRST" duration-ms="4734" status="PASS">
          <reporter-output>
          </reporter-output>
        </test-method> <!-- teardown -->
      </class> <!-- StepDefinitions.FunctionalTest -->
    </test> <!-- Test -->
  </suite> <!-- Suite -->
</testng-results>
